C51 COMPILER V9.02   LED_ARRAY                                                             04/17/2019 03:15:50 PAGE 1   


C51 COMPILER V9.02, COMPILATION OF MODULE LED_ARRAY
OBJECT MODULE PLACED IN .\Objects\led_array.obj
COMPILER INVOKED BY: d:\Program Files\Keil_v5\C51\BIN\C51.EXE led_array.c OPTIMIZE(8,SPEED) BROWSE DEBUG OBJECTEXTEND PR
                    -INT(.\Listings\led_array.lst) OBJECT(.\Objects\led_array.obj)

line level    source

   1          #include "led_array.h"
   2          
   3          /*LED点阵列扫描*/
   4          static void led_column_scan(const uint8_t *col_dat, int8_t col_offset)
   5          {
   6   1              uint8_t i;
   7   1              uint16_t temp_data = col_dat[0] | col_dat[1] << 8;
   8   1              
   9   1              if(col_offset > 0)
  10   1                      temp_data <<= col_offset;
  11   1              else if(col_offset < 0)
  12   1                      temp_data >>= -col_offset;
  13   1                      
  14   1              for(i = 0; i < 16; i++)
  15   1              {
  16   2                      if(temp_data & (0x8000 >> i))
  17   2                      {
  18   3                              DS_PIN = 1;
  19   3                      }
  20   2                      else 
  21   2                      {
  22   3                              DS_PIN = 0;                             
  23   3                      }
  24   2                      SH_CP_PIN = 0;
  25   2                      SH_CP_PIN = 1;
  26   2              }
  27   1      }
  28          
  29          /*
  30          LED行扫描
  31          每次只显示一列
  32          */
  33          static void led_row_scan(uint8_t index)
  34          {
  35   1              HC154_ABCD_PIN = index; 
  36   1      }
  37          
  38          /*
  39          图扫描
  40          连续调用COLUMN_MAX次 
  41          即可显示一幅图 COLUMN_MAX * ROW_MAX
  42          */
  43          void led_picture_scan(const uint8_t *pic_data,int8_t col_offset)
  44          {
  45   1              static uint8_t row_index = 0;
  46   1              const uint8_t *col_dat = pic_data + row_index * ROW_BYTE;
  47   1              
  48   1              led_column_scan(col_dat,col_offset);
  49   1              led_row_scan(row_index);
  50   1              ST_CP_PIN = 0;
  51   1              ST_CP_PIN = 1;
  52   1      
  53   1              row_index ++;
  54   1              row_index &= (COLUMN_MAX - 1);
C51 COMPILER V9.02   LED_ARRAY                                                             04/17/2019 03:15:50 PAGE 2   

  55   1      }


MODULE INFORMATION:   STATIC OVERLAYABLE
   CODE SIZE        =    147    ----
   CONSTANT SIZE    =   ----    ----
   XDATA SIZE       =   ----    ----
   PDATA SIZE       =   ----    ----
   DATA SIZE        =      1       2
   IDATA SIZE       =   ----    ----
   BIT SIZE         =   ----    ----
END OF MODULE INFORMATION.


C51 COMPILATION COMPLETE.  0 WARNING(S),  0 ERROR(S)
